0 info it worked if it ends with ok
1 verbose cli [ 'node',
1 verbose cli   '/usr/local/bin/npm',
1 verbose cli   'install',
1 verbose cli   's3TailStream',
1 verbose cli   '-save' ]
2 info using npm@1.4.28
3 info using node@v0.10.34
4 verbose cache add [ 's3TailStream', null ]
5 verbose cache add name=undefined spec="s3TailStream" args=["s3TailStream",null]
6 verbose parsed url { protocol: null,
6 verbose parsed url   slashes: null,
6 verbose parsed url   auth: null,
6 verbose parsed url   host: null,
6 verbose parsed url   port: null,
6 verbose parsed url   hostname: null,
6 verbose parsed url   hash: null,
6 verbose parsed url   search: null,
6 verbose parsed url   query: null,
6 verbose parsed url   pathname: 's3TailStream',
6 verbose parsed url   path: 's3TailStream',
6 verbose parsed url   href: 's3TailStream' }
7 silly lockFile 272e3021-s3TailStream s3TailStream
8 verbose lock s3TailStream /Users/paul/.npm/272e3021-s3TailStream.lock
9 silly lockFile 272e3021-s3TailStream s3TailStream
10 silly lockFile 272e3021-s3TailStream s3TailStream
11 verbose addNamed [ 's3TailStream', '' ]
12 verbose addNamed [ null, '*' ]
13 silly lockFile e45011cb-s3TailStream s3TailStream@
14 verbose lock s3TailStream@ /Users/paul/.npm/e45011cb-s3TailStream.lock
15 silly addNameRange { name: 's3TailStream', range: '*', hasData: false }
16 verbose request where is /s3TailStream
17 verbose request registry https://registry.npmjs.org/
18 verbose request id 34810ac9f7b86f9a
19 verbose url raw /s3TailStream
20 verbose url resolving [ 'https://registry.npmjs.org/', './s3TailStream' ]
21 verbose url resolved https://registry.npmjs.org/s3TailStream
22 verbose request where is https://registry.npmjs.org/s3TailStream
23 info trying registry request attempt 1 at 11:02:37
24 http GET https://registry.npmjs.org/s3TailStream
25 http 404 https://registry.npmjs.org/s3TailStream
26 silly registry.get cb [ 404,
26 silly registry.get   { 'content-type': 'application/json',
26 silly registry.get     'cache-control': 'max-age=0',
26 silly registry.get     'content-length': '2',
26 silly registry.get     'accept-ranges': 'bytes',
26 silly registry.get     date: 'Mon, 09 Apr 2018 16:02:38 GMT',
26 silly registry.get     via: '1.1 varnish',
26 silly registry.get     connection: 'keep-alive',
26 silly registry.get     'x-served-by': 'cache-dfw18629-DFW',
26 silly registry.get     'x-cache': 'MISS',
26 silly registry.get     'x-cache-hits': '0',
26 silly registry.get     'x-timer': 'S1523289758.860565,VS0,VE303',
26 silly registry.get     vary: 'Accept-Encoding' } ]
27 silly lockFile e45011cb-s3TailStream s3TailStream@
28 silly lockFile e45011cb-s3TailStream s3TailStream@
29 error 404 Not Found
29 error 404
29 error 404 's3TailStream' is not in the npm registry.
29 error 404 You should bug the author to publish it
29 error 404
29 error 404 Note that you can also install from a
29 error 404 tarball, folder, or http url, or git url.
30 error System Darwin 16.7.0
31 error command "node" "/usr/local/bin/npm" "install" "s3TailStream" "-save"
32 error cwd /Users/paul/data-blitz/clients/bpf/workspaces/awsLoadUserContent
33 error node -v v0.10.34
34 error npm -v 1.4.28
35 error code E404
36 verbose exit [ 1, true ]
